<?xml version="1.0" encoding="UTF-8"?>
<robot generator="Robot 3.2.2 (Python 3.9.0 on darwin)" generated="20201106 16:39:50.807" rpa="false">
<suite id="s1" name="loginTest" source="/Users/bovshiev/PycharmProjects/RobotFWTutorial/Tests/PietroFilipi/loginTest/loginTest.robot">
<test id="s1-t1" name="Browser Opening">
<kw name="Open Browser" library="SeleniumLibrary">
<doc>Opens a new browser instance to the optional ``url``.</doc>
<arguments>
<arg>${URL}</arg>
<arg>${BROWSER}</arg>
</arguments>
<msg timestamp="20201106 16:39:51.654" level="INFO">Opening browser 'Firefox' to base url 'http://uat.pietro-filipi.com/cz/prihlaseni'.</msg>
<msg timestamp="20201106 16:39:51.660" level="INFO">Firefox driver log is always forced to to: /Users/bovshiev/PycharmProjects/RobotFWTutorial/Results/geckodriver-5.log</msg>
<status status="PASS" starttime="20201106 16:39:51.654" endtime="20201106 16:40:02.778"></status>
</kw>
<kw name="Click Link" library="SeleniumLibrary">
<doc>Clicks a link identified by ``locator``.</doc>
<arguments>
<arg>/html/body/form[1]/div[6]/div/div[2]/div[1]/button</arg>
</arguments>
<msg timestamp="20201106 16:40:02.783" level="INFO">Clicking link '/html/body/form[1]/div[6]/div/div[2]/div[1]/button'.</msg>
<kw name="Capture Page Screenshot" library="SeleniumLibrary">
<doc>Takes a screenshot of the current page and embeds it into a log file.</doc>
<msg timestamp="20201106 16:40:02.969" level="INFO" html="yes">&lt;/td&gt;&lt;/tr&gt;&lt;tr&gt;&lt;td colspan="3"&gt;&lt;a href="selenium-screenshot-2.png"&gt;&lt;img src="selenium-screenshot-2.png" width="800px"&gt;&lt;/a&gt;</msg>
<status status="PASS" starttime="20201106 16:40:02.833" endtime="20201106 16:40:02.970"></status>
</kw>
<msg timestamp="20201106 16:40:03.001" level="FAIL">Link with locator '/html/body/form[1]/div[6]/div/div[2]/div[1]/button' not found.</msg>
<status status="FAIL" starttime="20201106 16:40:02.780" endtime="20201106 16:40:03.002"></status>
</kw>
<status status="FAIL" starttime="20201106 16:39:51.653" endtime="20201106 16:40:03.003" critical="yes">Link with locator '/html/body/form[1]/div[6]/div/div[2]/div[1]/button' not found.</status>
</test>
<status status="FAIL" starttime="20201106 16:39:50.813" endtime="20201106 16:40:03.005"></status>
</suite>
<statistics>
<total>
<stat pass="0" fail="1">Critical Tests</stat>
<stat pass="0" fail="1">All Tests</stat>
</total>
<tag>
</tag>
<suite>
<stat pass="0" fail="1" id="s1" name="loginTest">loginTest</stat>
</suite>
</statistics>
<errors>
</errors>
</robot>
