<?xml version="1.0" encoding="UTF-8"?>
<robot generator="Robot 3.2.2 (Python 3.9.0 on darwin)" generated="20201105 14:06:57.132" rpa="false">
<suite id="s1" name="GoogleSearch" source="/Users/bovshiev/PycharmProjects/RobotFWTutorial/Tests/Google/FunctionalTestSuite/GoogleSearch.robot">
<test id="s1-t1" name="This is sample test case">
<kw name="Open Browser" library="SeleniumLibrary">
<doc>Opens a new browser instance to the optional ``url``.</doc>
<arguments>
<arg>https://www.google.com</arg>
<arg>chrome</arg>
</arguments>
<msg timestamp="20201105 14:06:57.363" level="INFO">Opening browser 'chrome' to base url 'https://www.google.com'.</msg>
<status status="PASS" starttime="20201105 14:06:57.362" endtime="20201105 14:07:03.035"></status>
</kw>
<kw name="Close Browser" library="SeleniumLibrary">
<doc>Closes the current browser.</doc>
<status status="PASS" starttime="20201105 14:07:03.036" endtime="20201105 14:07:03.187"></status>
</kw>
<status status="PASS" starttime="20201105 14:06:57.361" endtime="20201105 14:07:03.187" critical="yes"></status>
</test>
<status status="PASS" starttime="20201105 14:06:57.135" endtime="20201105 14:07:03.190"></status>
</suite>
<statistics>
<total>
<stat pass="1" fail="0">Critical Tests</stat>
<stat pass="1" fail="0">All Tests</stat>
</total>
<tag>
</tag>
<suite>
<stat pass="1" fail="0" id="s1" name="GoogleSearch">GoogleSearch</stat>
</suite>
</statistics>
<errors>
</errors>
</robot>
